#
# There is insufficient memory for the Java Runtime Environment to continue.
# Native memory allocation (malloc) failed to allocate 78016 bytes for Chunk::new
# Possible reasons:
#   The system is out of physical RAM or swap space
# Possible solutions:
#   Reduce memory load on the system
#   Increase physical memory or swap space
#   Check if swap backing store is full
#   Decrease Java heap size (-Xmx/-Xms)
#   Decrease number of Java threads
#   Decrease Java thread stack sizes (-Xss)
#   Set larger code cache with -XX:ReservedCodeCacheSize=
# This output file may be truncated or incomplete.
#
#  Out of Memory Error (allocation.cpp:389), pid=9860, tid=0x000000000000168c
#
# JRE version: Java(TM) SE Runtime Environment (8.0_361) (build 1.8.0_361-b09)
# Java VM: Java HotSpot(TM) 64-Bit Server VM (25.361-b09 mixed mode windows-amd64 )
# Failed to write core dump. Minidumps are not enabled by default on client versions of Windows
#

---------------  T H R E A D  ---------------

Current thread (0x0000023ccc837000):  JavaThread "C2 CompilerThread0" daemon [_thread_in_native, id=5772, stack(0x000000616fa00000,0x000000616fb00000)]

Stack: [0x000000616fa00000,0x000000616fb00000]
Native frames: (J=compiled Java code, j=interpreted, Vv=VM code, C=native code)
V  [jvm.dll+0x3317a9]


Current CompileTask:
C2:  58142 8643 %     4       sun.nio.cs.UTF_8$Encoder::encodeArrayLoop @ 73 (489 bytes)


---------------  P R O C E S S  ---------------

Java Threads: ( => current thread )
  0x0000023cd003e000 JavaThread "QueryStageCreator-6" daemon [_thread_blocked, id=16252, stack(0x0000006175200000,0x0000006175300000)]
  0x0000023cd0042800 JavaThread "stderr reader for c:\Python39\python.exe" daemon [_thread_in_native, id=1600, stack(0x0000006175100000,0x0000006175200000)]
  0x0000023cd0035000 JavaThread "stdout reader for c:\Python39\python.exe" daemon [_thread_in_native, id=14040, stack(0x0000006175000000,0x0000006175100000)]
  0x0000023cd003e800 JavaThread "block-manager-ask-thread-pool-27" daemon [_thread_blocked, id=7452, stack(0x0000006178700000,0x0000006178800000)]
  0x0000023cd0041000 JavaThread "block-manager-ask-thread-pool-26" daemon [_thread_blocked, id=7928, stack(0x0000006178600000,0x0000006178700000)]
  0x0000023cd0043000 JavaThread "block-manager-storage-async-thread-pool-41" daemon [_thread_blocked, id=7604, stack(0x0000006178500000,0x0000006178600000)]
  0x0000023cd0041800 JavaThread "block-manager-storage-async-thread-pool-40" daemon [_thread_blocked, id=12304, stack(0x0000006178400000,0x0000006178500000)]
  0x0000023cd003b800 JavaThread "block-manager-ask-thread-pool-25" daemon [_thread_blocked, id=18316, stack(0x0000006178100000,0x0000006178200000)]
  0x0000023cd0039800 JavaThread "block-manager-ask-thread-pool-24" daemon [_thread_blocked, id=14716, stack(0x0000006178000000,0x0000006178100000)]
  0x0000023cd0038800 JavaThread "block-manager-storage-async-thread-pool-39" daemon [_thread_blocked, id=11632, stack(0x0000006177f00000,0x0000006178000000)]
  0x0000023cd0037000 JavaThread "block-manager-storage-async-thread-pool-38" daemon [_thread_blocked, id=3416, stack(0x0000006177e00000,0x0000006177f00000)]
  0x0000023cdabf4800 JavaThread "block-manager-storage-async-thread-pool-37" daemon [_thread_blocked, id=12004, stack(0x0000006177d00000,0x0000006177e00000)]
  0x0000023cdabf4000 JavaThread "block-manager-storage-async-thread-pool-36" daemon [_thread_blocked, id=11912, stack(0x0000006177c00000,0x0000006177d00000)]
  0x0000023cdabef800 JavaThread "block-manager-ask-thread-pool-23" daemon [_thread_blocked, id=12048, stack(0x0000006177b00000,0x0000006177c00000)]
  0x0000023cdabf3000 JavaThread "block-manager-ask-thread-pool-22" daemon [_thread_blocked, id=3424, stack(0x0000006177a00000,0x0000006177b00000)]
  0x0000023cdabf2800 JavaThread "block-manager-storage-async-thread-pool-35" daemon [_thread_blocked, id=15292, stack(0x0000006177900000,0x0000006177a00000)]
  0x0000023cdabf0000 JavaThread "block-manager-storage-async-thread-pool-34" daemon [_thread_blocked, id=7824, stack(0x0000006175800000,0x0000006175900000)]
  0x0000023cdabf5800 JavaThread "block-manager-storage-async-thread-pool-33" daemon [_thread_blocked, id=10832, stack(0x0000006175700000,0x0000006175800000)]
  0x0000023cdabe8000 JavaThread "block-manager-ask-thread-pool-21" daemon [_thread_blocked, id=6812, stack(0x0000006175600000,0x0000006175700000)]
  0x0000023cdabe7000 JavaThread "block-manager-ask-thread-pool-20" daemon [_thread_blocked, id=8236, stack(0x0000006175500000,0x0000006175600000)]
  0x0000023cdabed000 JavaThread "block-manager-storage-async-thread-pool-32" daemon [_thread_blocked, id=3508, stack(0x0000006175400000,0x0000006175500000)]
  0x0000023cdabec800 JavaThread "block-manager-storage-async-thread-pool-31" daemon [_thread_blocked, id=11452, stack(0x0000006174700000,0x0000006174800000)]
  0x0000023cdabeb800 JavaThread "block-manager-storage-async-thread-pool-30" daemon [_thread_blocked, id=15476, stack(0x0000006174600000,0x0000006174700000)]
  0x0000023cdabf1800 JavaThread "QueryStageCreator-5" daemon [_thread_blocked, id=1588, stack(0x0000006174000000,0x0000006174100000)]
  0x0000023cdabeb000 JavaThread "QueryStageCreator-4" daemon [_thread_blocked, id=7996, stack(0x0000006173f00000,0x0000006174000000)]
  0x0000023cdabea000 JavaThread "block-manager-ask-thread-pool-19" daemon [_thread_blocked, id=12828, stack(0x0000006177800000,0x0000006177900000)]
  0x0000023cdabe9800 JavaThread "block-manager-ask-thread-pool-18" daemon [_thread_blocked, id=17932, stack(0x0000006177700000,0x0000006177800000)]
  0x0000023cda132800 JavaThread "block-manager-storage-async-thread-pool-29" daemon [_thread_blocked, id=13952, stack(0x0000006177600000,0x0000006177700000)]
  0x0000023cda12e800 JavaThread "block-manager-storage-async-thread-pool-28" daemon [_thread_blocked, id=11672, stack(0x0000006177500000,0x0000006177600000)]
  0x0000023cda131800 JavaThread "block-manager-storage-async-thread-pool-27" daemon [_thread_blocked, id=9744, stack(0x0000006177400000,0x0000006177500000)]
  0x0000023cda12a000 JavaThread "block-manager-ask-thread-pool-17" daemon [_thread_blocked, id=12700, stack(0x0000006177300000,0x0000006177400000)]
  0x0000023cda12f000 JavaThread "block-manager-ask-thread-pool-16" daemon [_thread_blocked, id=10476, stack(0x0000006177200000,0x0000006177300000)]
  0x0000023cda12d800 JavaThread "block-manager-storage-async-thread-pool-26" daemon [_thread_blocked, id=428, stack(0x0000006177100000,0x0000006177200000)]
  0x0000023cda12d000 JavaThread "block-manager-storage-async-thread-pool-25" daemon [_thread_blocked, id=11572, stack(0x0000006177000000,0x0000006177100000)]
  0x0000023cda12c000 JavaThread "block-manager-storage-async-thread-pool-24" daemon [_thread_blocked, id=12180, stack(0x0000006176f00000,0x0000006177000000)]
  0x0000023cda12b800 JavaThread "block-manager-ask-thread-pool-15" daemon [_thread_blocked, id=11176, stack(0x0000006176e00000,0x0000006176f00000)]
  0x0000023cda130800 JavaThread "block-manager-ask-thread-pool-14" daemon [_thread_blocked, id=10184, stack(0x0000006176d00000,0x0000006176e00000)]
  0x0000023cda130000 JavaThread "block-manager-storage-async-thread-pool-23" daemon [_thread_blocked, id=8452, stack(0x0000006176c00000,0x0000006176d00000)]
  0x0000023cda124800 JavaThread "block-manager-storage-async-thread-pool-22" daemon [_thread_blocked, id=16464, stack(0x0000006176b00000,0x0000006176c00000)]
  0x0000023cda124000 JavaThread "block-manager-storage-async-thread-pool-21" daemon [_thread_blocked, id=14096, stack(0x0000006176a00000,0x0000006176b00000)]
  0x0000023cda12a800 JavaThread "block-manager-ask-thread-pool-13" daemon [_thread_blocked, id=9400, stack(0x0000006176900000,0x0000006176a00000)]
  0x0000023cda129000 JavaThread "block-manager-ask-thread-pool-12" daemon [_thread_blocked, id=12792, stack(0x0000006176800000,0x0000006176900000)]
  0x0000023cda128800 JavaThread "block-manager-storage-async-thread-pool-20" daemon [_thread_blocked, id=14680, stack(0x0000006176700000,0x0000006176800000)]
  0x0000023cda123000 JavaThread "block-manager-storage-async-thread-pool-19" daemon [_thread_blocked, id=1596, stack(0x0000006176600000,0x0000006176700000)]
  0x0000023cda127000 JavaThread "block-manager-storage-async-thread-pool-18" daemon [_thread_blocked, id=15088, stack(0x0000006176500000,0x0000006176600000)]
  0x0000023cda125800 JavaThread "block-manager-ask-thread-pool-11" daemon [_thread_blocked, id=11668, stack(0x0000006176400000,0x0000006176500000)]
  0x0000023cda127800 JavaThread "block-manager-ask-thread-pool-10" daemon [_thread_blocked, id=14904, stack(0x0000006176300000,0x0000006176400000)]
  0x0000023cda126000 JavaThread "block-manager-ask-thread-pool-9" daemon [_thread_blocked, id=15760, stack(0x0000006176200000,0x0000006176300000)]
  0x0000023cd5746000 JavaThread "block-manager-ask-thread-pool-8" daemon [_thread_blocked, id=9616, stack(0x0000006176100000,0x0000006176200000)]
  0x0000023cd573b800 JavaThread "block-manager-storage-async-thread-pool-17" daemon [_thread_blocked, id=17428, stack(0x0000006176000000,0x0000006176100000)]
  0x0000023cd003f800 JavaThread "block-manager-storage-async-thread-pool-16" daemon [_thread_blocked, id=2276, stack(0x0000006175f00000,0x0000006176000000)]
  0x0000023cd0038000 JavaThread "block-manager-storage-async-thread-pool-15" daemon [_thread_blocked, id=2172, stack(0x0000006175e00000,0x0000006175f00000)]
  0x0000023cd003d000 JavaThread "block-manager-storage-async-thread-pool-14" daemon [_thread_blocked, id=11412, stack(0x0000006175d00000,0x0000006175e00000)]
  0x0000023ccff4f800 JavaThread "block-manager-storage-async-thread-pool-13" daemon [_thread_blocked, id=17528, stack(0x0000006175c00000,0x0000006175d00000)]
  0x0000023ccff4f000 JavaThread "block-manager-storage-async-thread-pool-12" daemon [_thread_blocked, id=8876, stack(0x0000006175b00000,0x0000006175c00000)]
  0x0000023ccff4e000 JavaThread "block-manager-ask-thread-pool-7" daemon [_thread_blocked, id=16488, stack(0x0000006175a00000,0x0000006175b00000)]
  0x0000023ccff4b000 JavaThread "block-manager-ask-thread-pool-6" daemon [_thread_blocked, id=15224, stack(0x0000006175900000,0x0000006175a00000)]
  0x0000023ccff52000 JavaThread "block-manager-storage-async-thread-pool-11" daemon [_thread_blocked, id=1212, stack(0x0000006174800000,0x0000006174900000)]
  0x0000023ccff4d800 JavaThread "block-manager-storage-async-thread-pool-10" daemon [_thread_blocked, id=11428, stack(0x0000006174500000,0x0000006174600000)]
  0x0000023ccff51000 JavaThread "block-manager-storage-async-thread-pool-9" daemon [_thread_blocked, id=17820, stack(0x0000006174200000,0x0000006174300000)]
  0x0000023cd003c800 JavaThread "QueryStageCreator-3" daemon [_thread_blocked, id=9788, stack(0x0000006173b00000,0x0000006173c00000)]
  0x0000023cd0035800 JavaThread "QueryStageCreator-2" daemon [_thread_blocked, id=9208, stack(0x0000006173500000,0x0000006173600000)]
  0x0000023cd003a000 JavaThread "QueryStageCreator-1" daemon [_thread_blocked, id=3732, stack(0x0000006173400000,0x0000006173500000)]
  0x0000023cd0036800 JavaThread "block-manager-ask-thread-pool-5" daemon [_thread_blocked, id=17752, stack(0x0000006174f00000,0x0000006175000000)]
  0x0000023cd0034000 JavaThread "block-manager-ask-thread-pool-4" daemon [_thread_blocked, id=7900, stack(0x0000006174e00000,0x0000006174f00000)]
  0x0000023cd003b000 JavaThread "block-manager-storage-async-thread-pool-8" daemon [_thread_blocked, id=11700, stack(0x0000006174d00000,0x0000006174e00000)]
  0x0000023ccff4c800 JavaThread "block-manager-storage-async-thread-pool-7" daemon [_thread_blocked, id=9908, stack(0x0000006174c00000,0x0000006174d00000)]
  0x0000023cd5748800 JavaThread "block-manager-storage-async-thread-pool-6" daemon [_thread_blocked, id=14496, stack(0x0000006174b00000,0x0000006174c00000)]
  0x0000023cd5747800 JavaThread "block-manager-ask-thread-pool-3" daemon [_thread_blocked, id=5160, stack(0x0000006174a00000,0x0000006174b00000)]
  0x0000023cd5747000 JavaThread "block-manager-ask-thread-pool-2" daemon [_thread_blocked, id=12088, stack(0x0000006174900000,0x0000006174a00000)]
  0x0000023cd573e800 JavaThread "block-manager-storage-async-thread-pool-5" daemon [_thread_blocked, id=5560, stack(0x0000006174400000,0x0000006174500000)]
  0x0000023cd5745800 JavaThread "block-manager-storage-async-thread-pool-4" daemon [_thread_blocked, id=15480, stack(0x0000006174300000,0x0000006174400000)]
  0x0000023cd573e000 JavaThread "block-manager-storage-async-thread-pool-3" daemon [_thread_blocked, id=232, stack(0x0000006174100000,0x0000006174200000)]
  0x0000023cd5744800 JavaThread "block-manager-ask-thread-pool-1" daemon [_thread_blocked, id=10172, stack(0x0000006173800000,0x0000006173900000)]
  0x0000023cd5744000 JavaThread "block-manager-ask-thread-pool-0" daemon [_thread_blocked, id=2480, stack(0x0000006173600000,0x0000006173700000)]
  0x0000023cd5739800 JavaThread "block-manager-storage-async-thread-pool-2" daemon [_thread_blocked, id=1900, stack(0x0000006173200000,0x0000006173300000)]
  0x0000023cd573c800 JavaThread "block-manager-storage-async-thread-pool-1" daemon [_thread_blocked, id=16924, stack(0x0000006173100000,0x0000006173200000)]
  0x0000023cd5743000 JavaThread "block-manager-storage-async-thread-pool-0" daemon [_thread_blocked, id=2972, stack(0x0000006173300000,0x0000006173400000)]
  0x0000023cd5741800 JavaThread "QueryStageCreator-0" daemon [_thread_blocked, id=14600, stack(0x0000006173700000,0x0000006173800000)]
  0x0000023cd573f800 JavaThread "task-result-getter-3" daemon [_thread_blocked, id=14240, stack(0x0000006173000000,0x0000006173100000)]
  0x0000023cd5742800 JavaThread "task-result-getter-2" daemon [_thread_blocked, id=10144, stack(0x0000006173c00000,0x0000006173d00000)]
  0x0000023cd573a000 JavaThread "task-result-getter-1" daemon [_thread_blocked, id=1580, stack(0x0000006173a00000,0x0000006173b00000)]
  0x0000023cd573d000 JavaThread "task-result-getter-0" daemon [_thread_blocked, id=13792, stack(0x0000006173900000,0x0000006173a00000)]
  0x0000023ccff4c000 JavaThread "Idle Worker Monitor for c:\Python39\python.exe" daemon [_thread_blocked, id=8760, stack(0x0000006172f00000,0x0000006173000000)]
  0x0000023cd2225000 JavaThread "Executor task launch worker for task 2.0 in stage 18.0 (TID 32)" daemon [_thread_blocked, id=8372, stack(0x0000006172e00000,0x0000006172f00000)]
  0x0000023cd2224000 JavaThread "Executor task launch worker for task 3.0 in stage 18.0 (TID 33)" daemon [_thread_blocked, id=13592, stack(0x0000006172d00000,0x0000006172e00000)]
  0x0000023cd2222800 JavaThread "Executor task launch worker for task 1.0 in stage 18.0 (TID 31)" daemon [_thread_blocked, id=1656, stack(0x0000006172c00000,0x0000006172d00000)]
  0x0000023cd2225800 JavaThread "Executor task launch worker for task 0.0 in stage 18.0 (TID 30)" daemon [_thread_in_native, id=10340, stack(0x0000006172b00000,0x0000006172c00000)]
  0x0000023cd2222000 JavaThread "spark-listener-group-shared" daemon [_thread_blocked, id=9436, stack(0x0000006172a00000,0x0000006172b00000)]
  0x0000023cd221f800 JavaThread "org.apache.hadoop.fs.FileSystem$Statistics$StatisticsDataReferenceCleaner" daemon [_thread_blocked, id=13652, stack(0x0000006172900000,0x0000006172a00000)]
  0x0000023cd2221000 JavaThread "element-tracking-store-worker" daemon [_thread_blocked, id=4272, stack(0x0000006172800000,0x0000006172900000)]
  0x0000023cd2219000 JavaThread "spark-listener-group-executorManagement" daemon [_thread_blocked, id=4816, stack(0x0000006172700000,0x0000006172800000)]
  0x0000023cd221f000 JavaThread "spark-listener-group-appStatus" daemon [_thread_blocked, id=2072, stack(0x0000006172600000,0x0000006172700000)]
  0x0000023cd221c000 JavaThread "context-cleaner-periodic-gc" daemon [_thread_blocked, id=3624, stack(0x0000006172500000,0x0000006172600000)]
  0x0000023cd221e000 JavaThread "Spark Context Cleaner" daemon [_thread_blocked, id=18044, stack(0x0000006172400000,0x0000006172500000)]
  0x0000023cd2217000 JavaThread "shuffle-boss-6-1" daemon [_thread_in_native, id=11620, stack(0x0000006172300000,0x0000006172400000)]
  0x0000023cd2219800 JavaThread "executor-heartbeater" daemon [_thread_blocked, id=7556, stack(0x0000006172200000,0x0000006172300000)]
  0x0000023cd2218000 JavaThread "driver-heartbeater" daemon [_thread_blocked, id=16816, stack(0x0000006172100000,0x0000006172200000)]
  0x0000023cd221c800 JavaThread "dag-scheduler-event-loop" daemon [_thread_blocked, id=9604, stack(0x0000006172000000,0x0000006172100000)]
  0x0000023cd221d800 JavaThread "task-abort-timer" daemon [_thread_blocked, id=5908, stack(0x0000006171f00000,0x0000006172000000)]
  0x0000023cd22ac000 JavaThread "task-starvation-timer" daemon [_thread_blocked, id=440, stack(0x0000006171e00000,0x0000006171f00000)]
  0x0000023cd22a9000 JavaThread "netty-rpc-env-timeout" daemon [_thread_blocked, id=2088, stack(0x0000006171d00000,0x0000006171e00000)]
  0x0000023cd22ab800 JavaThread "heartbeat-receiver-event-loop-thread" daemon [_thread_blocked, id=7988, stack(0x0000006171c00000,0x0000006171d00000)]
  0x0000023cd22aa000 JavaThread "SparkUI-41-acceptor-0@3aa6ba8a-ServerConnector@346153ae{HTTP/1.1, (http/1.1)}{0.0.0.0:4040}" daemon [_thread_in_native, id=7532, stack(0x0000006171b00000,0x0000006171c00000)]
  0x0000023cd22a8800 JavaThread "SparkUI-40" daemon [_thread_blocked, id=7860, stack(0x0000006171a00000,0x0000006171b00000)]
  0x0000023cd22aa800 JavaThread "SparkUI-39" daemon [_thread_blocked, id=9904, stack(0x0000006171900000,0x0000006171a00000)]
  0x0000023cd22a7800 JavaThread "SparkUI-38" daemon [_thread_blocked, id=13488, stack(0x0000006171800000,0x0000006171900000)]
  0x0000023cd22a1800 JavaThread "SparkUI-37" daemon [_thread_in_native, id=10864, stack(0x0000006171700000,0x0000006171800000)]
  0x0000023cd22a6000 JavaThread "SparkUI-36" daemon [_thread_in_native, id=9012, stack(0x0000006171600000,0x0000006171700000)]
  0x0000023cd22a5800 JavaThread "SparkUI-35" daemon [_thread_in_native, id=12072, stack(0x0000006171500000,0x0000006171600000)]
  0x0000023cd22a7000 JavaThread "SparkUI-34" daemon [_thread_in_native, id=17968, stack(0x0000006171400000,0x0000006171500000)]
  0x0000023cd22a4800 JavaThread "Thread-6" [_thread_in_native, id=17680, stack(0x0000006171300000,0x0000006171400000)]
  0x0000023cd229d000 JavaThread "refresh progress" daemon [_thread_blocked, id=18208, stack(0x0000006171200000,0x0000006171300000)]
  0x0000023cd22a2800 JavaThread "RemoteBlock-temp-file-clean-thread" daemon [_thread_blocked, id=11048, stack(0x0000006171100000,0x0000006171200000)]
  0x0000023cd22a4000 JavaThread "dispatcher-BlockManagerEndpoint1" daemon [_thread_blocked, id=11908, stack(0x0000006171000000,0x0000006171100000)]
  0x0000023cd229f800 JavaThread "dispatcher-BlockManagerMaster" daemon [_thread_blocked, id=2580, stack(0x0000006170f00000,0x0000006171000000)]
  0x0000023cd229e800 JavaThread "map-output-dispatcher-7" daemon [_thread_blocked, id=1240, stack(0x0000006170e00000,0x0000006170f00000)]
  0x0000023cd22a0000 JavaThread "map-output-dispatcher-6" daemon [_thread_blocked, id=15344, stack(0x0000006170d00000,0x0000006170e00000)]
  0x0000023cd22a3000 JavaThread "map-output-dispatcher-5" daemon [_thread_blocked, id=2164, stack(0x0000006170c00000,0x0000006170d00000)]
  0x0000023cd229e000 JavaThread "map-output-dispatcher-4" daemon [_thread_blocked, id=14964, stack(0x0000006170b00000,0x0000006170c00000)]
  0x0000023cd22a1000 JavaThread "map-output-dispatcher-3" daemon [_thread_blocked, id=13328, stack(0x0000006170a00000,0x0000006170b00000)]
  0x0000023cd11b4000 JavaThread "map-output-dispatcher-2" daemon [_thread_blocked, id=5268, stack(0x0000006170900000,0x0000006170a00000)]
  0x0000023cd11b2800 JavaThread "map-output-dispatcher-1" daemon [_thread_blocked, id=17716, stack(0x0000006170800000,0x0000006170900000)]
  0x0000023cd11b2000 JavaThread "map-output-dispatcher-0" daemon [_thread_blocked, id=10576, stack(0x0000006170700000,0x0000006170800000)]
  0x0000023cd11b1000 JavaThread "dispatcher-event-loop-3" daemon [_thread_blocked, id=868, stack(0x0000006170600000,0x0000006170700000)]
  0x0000023cd11b3800 JavaThread "dispatcher-event-loop-2" daemon [_thread_blocked, id=17392, stack(0x0000006170500000,0x0000006170600000)]
  0x0000023cd11b0800 JavaThread "dispatcher-event-loop-1" daemon [_thread_blocked, id=9368, stack(0x0000006170400000,0x0000006170500000)]
  0x0000023cd11ad800 JavaThread "dispatcher-event-loop-0" daemon [_thread_blocked, id=13068, stack(0x0000006170300000,0x0000006170400000)]
  0x0000023cd11af800 JavaThread "rpc-boss-3-1" daemon [_thread_in_native, id=14616, stack(0x0000006170200000,0x0000006170300000)]
  0x0000023cd11ae000 JavaThread "Thread-3" [_thread_in_native, id=17944, stack(0x0000006170100000,0x0000006170200000)]
  0x0000023cd11af000 JavaThread "Thread-2" [_thread_in_native, id=12612, stack(0x0000006170000000,0x0000006170100000)]
  0x0000023cce690800 JavaThread "Service Thread" daemon [_thread_blocked, id=10188, stack(0x000000616fe00000,0x000000616ff00000)]
  0x0000023ccc83d800 JavaThread "C1 CompilerThread3" daemon [_thread_blocked, id=6820, stack(0x000000616fd00000,0x000000616fe00000)]
  0x0000023ccc83c800 JavaThread "C2 CompilerThread2" daemon [_thread_blocked, id=1880, stack(0x000000616fc00000,0x000000616fd00000)]
  0x0000023ccc83b000 JavaThread "C2 CompilerThread1" daemon [_thread_blocked, id=17248, stack(0x000000616fb00000,0x000000616fc00000)]
=>0x0000023ccc837000 JavaThread "C2 CompilerThread0" daemon [_thread_in_native, id=5772, stack(0x000000616fa00000,0x000000616fb00000)]
  0x0000023ccc836000 JavaThread "Attach Listener" daemon [_thread_blocked, id=17612, stack(0x000000616f900000,0x000000616fa00000)]
  0x0000023ccc833000 JavaThread "Signal Dispatcher" daemon [_thread_blocked, id=11312, stack(0x000000616f800000,0x000000616f900000)]
  0x0000023ccc815800 JavaThread "Finalizer" daemon [_thread_blocked, id=13156, stack(0x000000616f700000,0x000000616f800000)]
  0x0000023ccc7ee800 JavaThread "Reference Handler" daemon [_thread_blocked, id=17240, stack(0x000000616f600000,0x000000616f700000)]
  0x000002316bc27800 JavaThread "main" [_thread_in_native, id=1452, stack(0x000000616ec00000,0x000000616ed00000)]

Other Threads:
  0x0000023ccc7e2800 VMThread [stack: 0x000000616f500000,0x000000616f600000] [id=15504]
  0x0000023cce6d9000 WatcherThread [stack: 0x000000616ff00000,0x0000006170000000] [id=14740]

VM state:not at safepoint (normal execution)

VM Mutex/Monitor currently owned by a thread: None

Heap:
 PSYoungGen      total 3041792K, used 587245K [0x00000238fca00000, 0x0000023a08200000, 0x0000023cbca00000)
  eden space 2610176K, 8% used [0x00000238fca00000,0x000002390ab496b0,0x000002399bf00000)
  from space 431616K, 82% used [0x000002399bf00000,0x00000239b1b31f30,0x00000239b6480000)
  to   space 492032K, 0% used [0x00000239ea180000,0x00000239ea180000,0x0000023a08200000)
 ParOldGen       total 1830400K, used 1448461K [0x000002317ca00000, 0x00000231ec580000, 0x00000238fca00000)
  object space 1830400K, 79% used [0x000002317ca00000,0x00000231d50836f8,0x00000231ec580000)
 Metaspace       used 98558K, capacity 108082K, committed 110592K, reserved 110592K

Card table byte_map: [0x0000023cbca00000,0x0000023cc2410000] byte_map_base: 0x0000023ba3e1b000

Marking Bits: (ParMarkBitMap*) 0x000000006d72b090
 Begin Bits: [0x0000023100000000, 0x000002312d000000)
 End Bits:   [0x000002312d000000, 0x000002315a000000)

Polling page: 0x000002316bd70000

CodeCache: size=245760Kb used=19146Kb max_used=19155Kb free=226613Kb
 bounds [0x000002316d630000, 0x000002316e900000, 0x000002317c630000]
 total_blobs=8222 nmethods=7348 adapters=784
 compilation: enabled

Compilation events (10 events):
Event: 58.003 Thread 0x0000023ccc83d800 8642       3       java.util.regex.Matcher::quoteReplacement (82 bytes)
Event: 58.004 Thread 0x0000023ccc837000 8643 %     4       sun.nio.cs.UTF_8$Encoder::encodeArrayLoop @ 73 (489 bytes)
Event: 58.005 Thread 0x0000023ccc83d800 nmethod 8642 0x000002316e8ef390 code [0x000002316e8ef640, 0x000002316e8f0cc0]
Event: 58.005 Thread 0x0000023ccc83d800 8640       3       java.io.StringWriter::write (10 bytes)
Event: 58.005 Thread 0x0000023ccc83d800 nmethod 8640 0x000002316e8eecd0 code [0x000002316e8eee40, 0x000002316e8ef250]
Event: 58.005 Thread 0x0000023ccc83d800 8641       3       java.lang.String::replace (28 bytes)
Event: 58.005 Thread 0x0000023ccc83d800 nmethod 8641 0x000002316e8f74d0 code [0x000002316e8f7680, 0x000002316e8f7be0]
Event: 58.007 Thread 0x0000023ccc83b000 nmethod 8637 0x000002316e8fb050 code [0x000002316e8fb1a0, 0x000002316e8fb798]
Event: 58.015 Thread 0x0000023ccc83d800 8644       3       scala.collection.immutable.Range::size (5 bytes)
Event: 58.015 Thread 0x0000023ccc83d800 nmethod 8644 0x000002316e8ee690 code [0x000002316e8ee800, 0x000002316e8eebd0]

GC Heap History (10 events):
Event: 35.265 GC heap before
{Heap before GC invocations=29 (full 9):
 PSYoungGen      total 1891840K, used 2054K [0x00000238fca00000, 0x00000239a5b00000, 0x0000023cbca00000)
  eden space 1519616K, 0% used [0x00000238fca00000,0x00000238fca00000,0x0000023959600000)
  from space 372224K, 0% used [0x0000023959600000,0x0000023959801800,0x0000023970180000)
  to   space 362496K, 0% used [0x000002398f900000,0x000002398f900000,0x00000239a5b00000)
 ParOldGen       total 1768960K, used 1616386K [0x000002317ca00000, 0x00000231e8980000, 0x00000238fca00000)
  object space 1768960K, 91% used [0x000002317ca00000,0x00000231df4809e0,0x00000231e8980000)
 Metaspace       used 97495K, capacity 106966K, committed 109824K, reserved 110592K
Event: 35.424 GC heap after
Heap after GC invocations=29 (full 9):
 PSYoungGen      total 1891840K, used 0K [0x00000238fca00000, 0x00000239a5b00000, 0x0000023cbca00000)
  eden space 1519616K, 0% used [0x00000238fca00000,0x00000238fca00000,0x0000023959600000)
  from space 372224K, 0% used [0x0000023959600000,0x0000023959600000,0x0000023970180000)
  to   space 362496K, 0% used [0x000002398f900000,0x000002398f900000,0x00000239a5b00000)
 ParOldGen       total 1830400K, used 1223274K [0x000002317ca00000, 0x00000231ec580000, 0x00000238fca00000)
  object space 1830400K, 66% used [0x000002317ca00000,0x00000231c749a9c8,0x00000231ec580000)
 Metaspace       used 97339K, capacity 106661K, committed 109824K, reserved 110592K
}
Event: 36.321 GC heap before
{Heap before GC invocations=30 (full 9):
 PSYoungGen      total 1891840K, used 1519616K [0x00000238fca00000, 0x00000239a5b00000, 0x0000023cbca00000)
  eden space 1519616K, 100% used [0x00000238fca00000,0x0000023959600000,0x0000023959600000)
  from space 372224K, 0% used [0x0000023959600000,0x0000023959600000,0x0000023970180000)
  to   space 362496K, 0% used [0x000002398f900000,0x000002398f900000,0x00000239a5b00000)
 ParOldGen       total 1830400K, used 1223274K [0x000002317ca00000, 0x00000231ec580000, 0x00000238fca00000)
  object space 1830400K, 66% used [0x000002317ca00000,0x00000231c749a9c8,0x00000231ec580000)
 Metaspace       used 97424K, capacity 106716K, committed 109824K, reserved 110592K
Event: 36.329 GC heap after
Heap after GC invocations=30 (full 9):
 PSYoungGen      total 2332672K, used 2218K [0x00000238fca00000, 0x00000239a2b80000, 0x0000023cbca00000)
  eden space 2018816K, 0% used [0x00000238fca00000,0x00000238fca00000,0x0000023977d80000)
  from space 313856K, 0% used [0x000002398f900000,0x000002398fb2a8d8,0x00000239a2b80000)
  to   space 351232K, 0% used [0x0000023977d80000,0x0000023977d80000,0x000002398d480000)
 ParOldGen       total 1830400K, used 1223282K [0x000002317ca00000, 0x00000231ec580000, 0x00000238fca00000)
  object space 1830400K, 66% used [0x000002317ca00000,0x00000231c749c9c8,0x00000231ec580000)
 Metaspace       used 97424K, capacity 106716K, committed 109824K, reserved 110592K
}
Event: 42.304 GC heap before
{Heap before GC invocations=31 (full 9):
 PSYoungGen      total 2332672K, used 2021034K [0x00000238fca00000, 0x00000239a2b80000, 0x0000023cbca00000)
  eden space 2018816K, 100% used [0x00000238fca00000,0x0000023977d80000,0x0000023977d80000)
  from space 313856K, 0% used [0x000002398f900000,0x000002398fb2a8d8,0x00000239a2b80000)
  to   space 351232K, 0% used [0x0000023977d80000,0x0000023977d80000,0x000002398d480000)
 ParOldGen       total 1830400K, used 1223282K [0x000002317ca00000, 0x00000231ec580000, 0x00000238fca00000)
  object space 1830400K, 66% used [0x000002317ca00000,0x00000231c749c9c8,0x00000231ec580000)
 Metaspace       used 97884K, capacity 107299K, committed 110336K, reserved 110592K
Event: 42.437 GC heap after
Heap after GC invocations=31 (full 9):
 PSYoungGen      total 2370048K, used 351230K [0x00000238fca00000, 0x00000239d3b80000, 0x0000023cbca00000)
  eden space 2018816K, 0% used [0x00000238fca00000,0x00000238fca00000,0x0000023977d80000)
  from space 351232K, 99% used [0x0000023977d80000,0x000002398d47f808,0x000002398d480000)
  to   space 444928K, 0% used [0x00000239b8900000,0x00000239b8900000,0x00000239d3b80000)
 ParOldGen       total 1830400K, used 1281140K [0x000002317ca00000, 0x00000231ec580000, 0x00000238fca00000)
  object space 1830400K, 69% used [0x000002317ca00000,0x00000231cad1d038,0x00000231ec580000)
 Metaspace       used 97884K, capacity 107299K, committed 110336K, reserved 110592K
}
Event: 43.586 GC heap before
{Heap before GC invocations=32 (full 9):
 PSYoungGen      total 2370048K, used 2370046K [0x00000238fca00000, 0x00000239d3b80000, 0x0000023cbca00000)
  eden space 2018816K, 100% used [0x00000238fca00000,0x0000023977d80000,0x0000023977d80000)
  from space 351232K, 99% used [0x0000023977d80000,0x000002398d47f808,0x000002398d480000)
  to   space 444928K, 0% used [0x00000239b8900000,0x00000239b8900000,0x00000239d3b80000)
 ParOldGen       total 1830400K, used 1281140K [0x000002317ca00000, 0x00000231ec580000, 0x00000238fca00000)
  object space 1830400K, 69% used [0x000002317ca00000,0x00000231cad1d038,0x00000231ec580000)
 Metaspace       used 97931K, capacity 107314K, committed 110336K, reserved 110592K
Event: 43.623 GC heap after
Heap after GC invocations=32 (full 9):
 PSYoungGen      total 3004416K, used 1104K [0x00000238fca00000, 0x00000239d0a00000, 0x0000023cbca00000)
  eden space 2610176K, 0% used [0x00000238fca00000,0x00000238fca00000,0x000002399bf00000)
  from space 394240K, 0% used [0x00000239b8900000,0x00000239b8a14220,0x00000239d0a00000)
  to   space 431616K, 0% used [0x000002399bf00000,0x000002399bf00000,0x00000239b6480000)
 ParOldGen       total 1830400K, used 1447866K [0x000002317ca00000, 0x00000231ec580000, 0x00000238fca00000)
  object space 1830400K, 79% used [0x000002317ca00000,0x00000231d4fee830,0x00000231ec580000)
 Metaspace       used 97931K, capacity 107314K, committed 110336K, reserved 110592K
}
Event: 46.954 GC heap before
{Heap before GC invocations=33 (full 9):
 PSYoungGen      total 3004416K, used 2611280K [0x00000238fca00000, 0x00000239d0a00000, 0x0000023cbca00000)
  eden space 2610176K, 100% used [0x00000238fca00000,0x000002399bf00000,0x000002399bf00000)
  from space 394240K, 0% used [0x00000239b8900000,0x00000239b8a14220,0x00000239d0a00000)
  to   space 431616K, 0% used [0x000002399bf00000,0x000002399bf00000,0x00000239b6480000)
 ParOldGen       total 1830400K, used 1447866K [0x000002317ca00000, 0x00000231ec580000, 0x00000238fca00000)
  object space 1830400K, 79% used [0x000002317ca00000,0x00000231d4fee830,0x00000231ec580000)
 Metaspace       used 98169K, capacity 107541K, committed 110336K, reserved 110592K
Event: 47.152 GC heap after
Heap after GC invocations=33 (full 9):
 PSYoungGen      total 3041792K, used 356551K [0x00000238fca00000, 0x0000023a08200000, 0x0000023cbca00000)
  eden space 2610176K, 0% used [0x00000238fca00000,0x00000238fca00000,0x000002399bf00000)
  from space 431616K, 82% used [0x000002399bf00000,0x00000239b1b31f30,0x00000239b6480000)
  to   space 492032K, 0% used [0x00000239ea180000,0x00000239ea180000,0x0000023a08200000)
 ParOldGen       total 1830400K, used 1448461K [0x000002317ca00000, 0x00000231ec580000, 0x00000238fca00000)
  object space 1830400K, 79% used [0x000002317ca00000,0x00000231d50836f8,0x00000231ec580000)
 Metaspace       used 98169K, capacity 107541K, committed 110336K, reserved 110592K
}

Deoptimization events (10 events):
Event: 32.214 Thread 0x0000023cd11b3800 Uncommon trap: reason=unstable_if action=reinterpret pc=0x000002316e00f3a4 method=java.util.concurrent.locks.ReentrantLock$Sync.nonfairTryAcquire(I)Z @ 34
Event: 36.371 Thread 0x0000023cd11ae000 Uncommon trap: reason=class_check action=maybe_recompile pc=0x000002316e5982f0 method=org.apache.xbean.asm9.ClassReader.readCode(Lorg/apache/xbean/asm9/MethodVisitor;Lorg/apache/xbean/asm9/Context;I)V @ 3895
Event: 36.372 Thread 0x0000023cd11ae000 Uncommon trap: reason=class_check action=maybe_recompile pc=0x000002316e5982f0 method=org.apache.xbean.asm9.ClassReader.readCode(Lorg/apache/xbean/asm9/MethodVisitor;Lorg/apache/xbean/asm9/Context;I)V @ 3895
Event: 38.487 Thread 0x0000023cd11ae000 Uncommon trap: reason=class_check action=maybe_recompile pc=0x000002316e5982f0 method=org.apache.xbean.asm9.ClassReader.readCode(Lorg/apache/xbean/asm9/MethodVisitor;Lorg/apache/xbean/asm9/Context;I)V @ 3895
Event: 38.488 Thread 0x0000023cd11ae000 Uncommon trap: reason=class_check action=maybe_recompile pc=0x000002316e5982f0 method=org.apache.xbean.asm9.ClassReader.readCode(Lorg/apache/xbean/asm9/MethodVisitor;Lorg/apache/xbean/asm9/Context;I)V @ 3895
Event: 44.122 Thread 0x0000023cd11ae000 Uncommon trap: reason=array_check action=maybe_recompile pc=0x000002316da5da68 method=scala.runtime.ScalaRunTime$.array_update(Ljava/lang/Object;ILjava/lang/Object;)V @ 13
Event: 44.122 Thread 0x0000023cd11ae000 Uncommon trap: reason=array_check action=maybe_recompile pc=0x000002316da5da68 method=scala.runtime.ScalaRunTime$.array_update(Ljava/lang/Object;ILjava/lang/Object;)V @ 13
Event: 44.122 Thread 0x0000023cd11ae000 Uncommon trap: reason=array_check action=maybe_recompile pc=0x000002316da5da68 method=scala.runtime.ScalaRunTime$.array_update(Ljava/lang/Object;ILjava/lang/Object;)V @ 13
Event: 44.122 Thread 0x0000023cd11ae000 Uncommon trap: reason=array_check action=maybe_recompile pc=0x000002316da5da68 method=scala.runtime.ScalaRunTime$.array_update(Ljava/lang/Object;ILjava/lang/Object;)V @ 13
Event: 47.161 Thread 0x0000023cd229f800 Uncommon trap: reason=unstable_if action=reinterpret pc=0x000002316e1eaf08 method=java.util.concurrent.locks.ReentrantLock$Sync.nonfairTryAcquire(I)Z @ 34

Classes redefined (0 events):
No events

Internal exceptions (10 events):
Event: 32.118 Thread 0x0000023cd229f800 Exception <a 'java/lang/NoSuchMethodError': java.lang.Object.$anonfun$zipWith$2(Lscala/Function2;Ljava/lang/Object;Ljava/lang/Object;)Ljava/lang/Object;> (0x000002390089eaa0) thrown at [C:\jenkins\workspace\8-2-build-windows-x64-cygwin\jdk8u361\3183\hotsp
Event: 32.137 Thread 0x0000023cd221e000 Exception <a 'java/lang/NoSuchMethodError': java.lang.Object.$anonfun$failed$1(Lscala/util/Try;)Lscala/util/Try;> (0x00000238fce3fe18) thrown at [C:\jenkins\workspace\8-2-build-windows-x64-cygwin\jdk8u361\3183\hotspot\src\share\vm\interpreter\linkResolver
Event: 32.137 Thread 0x0000023cd22a4000 Exception <a 'java/lang/NoSuchMethodError': java.lang.Object.$anonfun$foreach$1$adapted(Lscala/Function1;Lscala/util/Try;)Ljava/lang/Object;> (0x0000023906390f50) thrown at [C:\jenkins\workspace\8-2-build-windows-x64-cygwin\jdk8u361\3183\hotspot\src\share
Event: 57.219 Thread 0x0000023cd2225000 Exception <a 'java/net/SocketTimeoutException': Accept timed out> (0x0000023905aef588) thrown at [C:\jenkins\workspace\8-2-build-windows-x64-cygwin\jdk8u361\3183\hotspot\src\share\vm\prims\jni.cpp, line 737]
Event: 57.242 Thread 0x0000023cd2225000 Exception <a 'java/lang/NoSuchMethodError': <clinit>> (0x0000023905bcc130) thrown at [C:\jenkins\workspace\8-2-build-windows-x64-cygwin\jdk8u361\3183\hotspot\src\share\vm\prims\jni.cpp, line 1615]
Event: 57.253 Thread 0x0000023cd2225000 Exception <a 'java/lang/NoSuchMethodError': <clinit>> (0x0000023905c62740) thrown at [C:\jenkins\workspace\8-2-build-windows-x64-cygwin\jdk8u361\3183\hotspot\src\share\vm\prims\jni.cpp, line 1615]
Event: 57.254 Thread 0x0000023cd2225000 Exception <a 'java/lang/NoSuchMethodError': <clinit>> (0x0000023905c83a58) thrown at [C:\jenkins\workspace\8-2-build-windows-x64-cygwin\jdk8u361\3183\hotspot\src\share\vm\prims\jni.cpp, line 1615]
Event: 57.255 Thread 0x0000023cd2225000 Exception <a 'java/lang/NoSuchMethodError': <clinit>> (0x0000023905ca7cc8) thrown at [C:\jenkins\workspace\8-2-build-windows-x64-cygwin\jdk8u361\3183\hotspot\src\share\vm\prims\jni.cpp, line 1615]
Event: 57.256 Thread 0x0000023cd2225000 Exception <a 'java/lang/NoSuchMethodError': <clinit>> (0x0000023905ccf038) thrown at [C:\jenkins\workspace\8-2-build-windows-x64-cygwin\jdk8u361\3183\hotspot\src\share\vm\prims\jni.cpp, line 1615]
Event: 57.271 Thread 0x0000023cd11ae000 Exception <a 'java/lang/reflect/InvocationTargetException'> (0x0000023909fb23c8) thrown at [C:\jenkins\workspace\8-2-build-windows-x64-cygwin\jdk8u361\3183\hotspot\src\share\vm\runtime\reflection.cpp, line 1092]

Events (10 events):
Event: 57.283 loading class org/apache/spark/sql/api/python/org
Event: 57.283 loading class org/apache/spark/sql/api/python/org done
Event: 57.283 loading class org/apache/spark/sql/hive/org
Event: 57.283 loading class org/apache/spark/sql/hive/org done
Event: 57.283 loading class org/apache
Event: 57.283 loading class org/apache done
Event: 57.284 loading class org/apache/spark
Event: 57.284 loading class org/apache/spark done
Event: 57.284 loading class org/apache/spark/util
Event: 57.284 loading class org/apache/spark/util done


Dynamic libraries:
0x00007ff6b44f0000 - 0x00007ff6b4537000 	C:\Java\bin\java.exe
0x00007ff8b2390000 - 0x00007ff8b2588000 	C:\WINDOWS\SYSTEM32\ntdll.dll
0x00007ff8b0850000 - 0x00007ff8b090d000 	C:\WINDOWS\System32\KERNEL32.DLL
0x00007ff8afab0000 - 0x00007ff8afd7e000 	C:\WINDOWS\System32\KERNELBASE.dll
0x00007ff8b0580000 - 0x00007ff8b062e000 	C:\WINDOWS\System32\ADVAPI32.dll
0x00007ff8b2210000 - 0x00007ff8b22ae000 	C:\WINDOWS\System32\msvcrt.dll
0x00007ff8b22b0000 - 0x00007ff8b234c000 	C:\WINDOWS\System32\sechost.dll
0x00007ff8b1c40000 - 0x00007ff8b1d65000 	C:\WINDOWS\System32\RPCRT4.dll
0x00007ff8b0910000 - 0x00007ff8b0ab0000 	C:\WINDOWS\System32\USER32.dll
0x00007ff8afff0000 - 0x00007ff8b0012000 	C:\WINDOWS\System32\win32u.dll
0x00007ff8b1fa0000 - 0x00007ff8b1fca000 	C:\WINDOWS\System32\GDI32.dll
0x00007ff8b0020000 - 0x00007ff8b012b000 	C:\WINDOWS\System32\gdi32full.dll
0x00007ff8aff50000 - 0x00007ff8affed000 	C:\WINDOWS\System32\msvcp_win.dll
0x00007ff8b0230000 - 0x00007ff8b0330000 	C:\WINDOWS\System32\ucrtbase.dll
0x00007ff8aefb0000 - 0x00007ff8af24a000 	C:\WINDOWS\WinSxS\amd64_microsoft.windows.common-controls_6595b64144ccf1df_6.0.19041.1110_none_60b5254171f9507e\COMCTL32.dll
0x00007ff8b0550000 - 0x00007ff8b0580000 	C:\WINDOWS\System32\IMM32.DLL
0x00007ff8a1c70000 - 0x00007ff8a1c85000 	C:\Java\bin\vcruntime140.dll
0x00007ff863fd0000 - 0x00007ff86406b000 	C:\Java\bin\msvcp140.dll
0x000000006cf40000 - 0x000000006d7a3000 	C:\Java\bin\server\jvm.dll
0x00007ff8b0ab0000 - 0x00007ff8b0ab8000 	C:\WINDOWS\System32\PSAPI.DLL
0x00007ff89dd80000 - 0x00007ff89dda7000 	C:\WINDOWS\SYSTEM32\WINMM.dll
0x00007ff8a9730000 - 0x00007ff8a973a000 	C:\WINDOWS\SYSTEM32\VERSION.dll
0x00007ff8a1c60000 - 0x00007ff8a1c69000 	C:\WINDOWS\SYSTEM32\WSOCK32.dll
0x00007ff8b1690000 - 0x00007ff8b16fb000 	C:\WINDOWS\System32\WS2_32.dll
0x00007ff8ad510000 - 0x00007ff8ad522000 	C:\WINDOWS\SYSTEM32\kernel.appcore.dll
0x00007ff895a40000 - 0x00007ff895a50000 	C:\Java\bin\verify.dll
0x00007ff895a10000 - 0x00007ff895a3b000 	C:\Java\bin\java.dll
0x00007ff8934f0000 - 0x00007ff893508000 	C:\Java\bin\zip.dll
0x00007ff8b0f30000 - 0x00007ff8b1673000 	C:\WINDOWS\System32\SHELL32.dll
0x00007ff8ad530000 - 0x00007ff8adcc5000 	C:\WINDOWS\SYSTEM32\windows.storage.dll
0x00007ff8b1700000 - 0x00007ff8b1a54000 	C:\WINDOWS\System32\combase.dll
0x00007ff8aed00000 - 0x00007ff8aed30000 	C:\WINDOWS\SYSTEM32\Wldp.dll
0x00007ff8b03f0000 - 0x00007ff8b049d000 	C:\WINDOWS\System32\SHCORE.dll
0x00007ff8b1a60000 - 0x00007ff8b1ab5000 	C:\WINDOWS\System32\shlwapi.dll
0x00007ff8af9f0000 - 0x00007ff8afa0f000 	C:\WINDOWS\SYSTEM32\profapi.dll
0x00007ff8934d0000 - 0x00007ff8934ec000 	C:\Java\bin\net.dll
0x00007ff8aeac0000 - 0x00007ff8aeb2a000 	C:\WINDOWS\system32\mswsock.dll
0x00007ff8a22b0000 - 0x00007ff8a22c7000 	C:\WINDOWS\system32\napinsp.dll
0x00007ff8a25b0000 - 0x00007ff8a25cb000 	C:\WINDOWS\system32\pnrpnsp.dll
0x00007ff8a2590000 - 0x00007ff8a25a5000 	C:\WINDOWS\system32\wshbth.dll
0x00007ff8aad50000 - 0x00007ff8aad6d000 	C:\WINDOWS\system32\NLAapi.dll
0x00007ff8ae7d0000 - 0x00007ff8ae80b000 	C:\WINDOWS\SYSTEM32\IPHLPAPI.DLL
0x00007ff8ae810000 - 0x00007ff8ae8da000 	C:\WINDOWS\SYSTEM32\DNSAPI.dll
0x00007ff8b2050000 - 0x00007ff8b2058000 	C:\WINDOWS\System32\NSI.dll
0x00007ff8a25d0000 - 0x00007ff8a25e2000 	C:\WINDOWS\System32\winrnr.dll
0x000000006f9a0000 - 0x000000006f9c6000 	C:\Program Files\Bonjour\mdnsNSP.dll
0x00007ff8a2ab0000 - 0x00007ff8a2aba000 	C:\Windows\System32\rasadhlp.dll
0x00007ff8aa330000 - 0x00007ff8aa3b0000 	C:\WINDOWS\System32\fwpuclnt.dll
0x00007ff8b03c0000 - 0x00007ff8b03e7000 	C:\WINDOWS\System32\bcrypt.dll
0x00007ff8af840000 - 0x00007ff8af858000 	C:\WINDOWS\SYSTEM32\CRYPTSP.dll
0x00007ff8ae480000 - 0x00007ff8ae4b4000 	C:\WINDOWS\system32\rsaenh.dll
0x00007ff8af9b0000 - 0x00007ff8af9de000 	C:\WINDOWS\SYSTEM32\USERENV.dll
0x00007ff8b0330000 - 0x00007ff8b03b2000 	C:\WINDOWS\System32\bcryptprimitives.dll
0x00007ff8aec50000 - 0x00007ff8aec5c000 	C:\WINDOWS\SYSTEM32\CRYPTBASE.dll
0x00007ff8a9f40000 - 0x00007ff8a9f57000 	C:\WINDOWS\SYSTEM32\dhcpcsvc6.DLL
0x00007ff8a9f00000 - 0x00007ff8a9f1d000 	C:\WINDOWS\SYSTEM32\dhcpcsvc.DLL
0x00007ff8934b0000 - 0x00007ff8934c3000 	C:\Java\bin\nio.dll
0x00007ff8934a0000 - 0x00007ff8934ad000 	C:\Java\bin\management.dll
0x00007ff892d40000 - 0x00007ff892d5a000 	C:\hadoop-3.2.4\bin\hadoop.dll
0x00007ff863160000 - 0x00007ff86324f000 	C:\WINDOWS\SYSTEM32\MSVCR120.dll
0x00007ff89eaa0000 - 0x00007ff89eab9000 	C:\WINDOWS\SYSTEM32\NETAPI32.dll
0x00007ff8ae220000 - 0x00007ff8ae26e000 	C:\WINDOWS\SYSTEM32\AUTHZ.dll
0x00007ff8a7030000 - 0x00007ff8a7049000 	C:\WINDOWS\SYSTEM32\SAMCLI.DLL
0x00007ff8ae8e0000 - 0x00007ff8ae8ec000 	C:\WINDOWS\SYSTEM32\NETUTILS.DLL
0x00007ff892d30000 - 0x00007ff892d39000 	C:\Java\bin\jaas_nt.dll
0x0000000066f40000 - 0x0000000066fc3000 	C:\Users\mreis\AppData\Local\Temp\liblz4-java-4832482527271955220.so

VM Arguments:
jvm_args: -Xmx45G 
java_command: org.apache.spark.deploy.SparkSubmit --conf spark.executor.memory=8G --conf spark.driver.memory=45G --conf spark.master=local[4] --conf spark.app.name=training_base pyspark-shell
java_class_path (initial): C:\spark-3.2.3-bin-hadoop3.2\bin\..\conf\;C:\spark-3.2.3-bin-hadoop3.2\jars\activation-1.1.1.jar;C:\spark-3.2.3-bin-hadoop3.2\jars\aircompressor-0.21.jar;C:\spark-3.2.3-bin-hadoop3.2\jars\algebra_2.12-2.0.1.jar;C:\spark-3.2.3-bin-hadoop3.2\jars\annotations-17.0.0.jar;C:\spark-3.2.3-bin-hadoop3.2\jars\antlr-runtime-3.5.2.jar;C:\spark-3.2.3-bin-hadoop3.2\jars\antlr4-runtime-4.8.jar;C:\spark-3.2.3-bin-hadoop3.2\jars\aopalliance-repackaged-2.6.1.jar;C:\spark-3.2.3-bin-hadoop3.2\jars\arpack-2.2.1.jar;C:\spark-3.2.3-bin-hadoop3.2\jars\arpack_combined_all-0.1.jar;C:\spark-3.2.3-bin-hadoop3.2\jars\arrow-format-2.0.0.jar;C:\spark-3.2.3-bin-hadoop3.2\jars\arrow-memory-core-2.0.0.jar;C:\spark-3.2.3-bin-hadoop3.2\jars\arrow-memory-netty-2.0.0.jar;C:\spark-3.2.3-bin-hadoop3.2\jars\arrow-vector-2.0.0.jar;C:\spark-3.2.3-bin-hadoop3.2\jars\audience-annotations-0.5.0.jar;C:\spark-3.2.3-bin-hadoop3.2\jars\automaton-1.11-8.jar;C:\spark-3.2.3-bin-hadoop3.2\jars\avro-1.10.2.jar;C:\spark-3.2.3-bin-hadoop3.2\jars\avro-ipc-1.10.2.jar;C:\spark-3.2.3-bin-hadoop3.2\jars\avro-mapred-1.10.2.jar;C:\spark-3.2.3-bin-hadoop3.2\jars\blas-2.2.1.jar;C:\spark-3.2.3-bin-hadoop3.2\jars\bonecp-0.8.0.RELEASE.jar;C:\spark-3.2.3-bin-hadoop3.2\jars\breeze-macros_2.12-1.2.jar;C:\spark-3.2.3-bin-hadoop3.2\jars\breeze_2.12-1.2.jar;C:\spark-3.2.3-bin-hadoop3.2\jars\cats-kernel_2.12-2.1.1.jar;C:\spark-3.2.3-bin-hadoop3.2\jars\chill-java-0.10.0.jar;C:\spark-3.2.3-bin-hadoop3.2\jars\chill_2.12-0.10.0.jar;C:\spark-3.2.3-bin-hadoop3.2\jars\commons-cli-1.2.jar;C:\spark-3.2.3-bin-hadoop3.2\jars\commons-codec-1.15.jar;C:\spark-3.2.3-bin-hadoop3.2\jars\commons-collections-3.2.2.jar;C:\spark-3.2.3-bin-hadoop3.2\jars\commons-compiler-3.0.16.jar;C:\spark-3.2.3-bin-hadoop3.2\jars\commons-compress-1.21.jar;C:\spark-3.2.3-bin-hadoop3.2\jars\commons-crypto-1.1.0.jar;C:\spark-3.2.3-bin-hadoop3.2\jars\commons-dbcp-1.4.jar;C:\spark-3.2.3-bin-hadoop3.2\jars\commons-io-2.8.0.jar;C:\spark-3.2.3-bin-hadoop3
Launcher Type: SUN_STANDARD

Environment Variables:
JAVA_HOME=C:\Java
USERNAME=mreis
OS=Windows_NT
PROCESSOR_IDENTIFIER=Intel64 Family 6 Model 158 Stepping 9, GenuineIntel



---------------  S Y S T E M  ---------------

OS: Windows 10 , 64 bit Build 19041 (10.0.19041.1889)

CPU:total 8 (initial active 8) (4 cores per cpu, 2 threads per core) family 6 model 158 stepping 9, cmov, cx8, fxsr, mmx, sse, sse2, sse3, ssse3, sse4.1, sse4.2, popcnt, avx, avx2, aes, clmul, erms, rtm, 3dnowpref, lzcnt, ht, tsc, tscinvbit, bmi1, bmi2, adx

Memory: 4k page, physical 16653528k(2133136k free), swap 20847832k(2908k free)

vm_info: Java HotSpot(TM) 64-Bit Server VM (25.361-b09) for windows-amd64 JRE (1.8.0_361-b09), built on Jan  9 2023 08:38:53 by "java_re" with MS VC++ 15.9 (VS2017)

time: Tue Mar 21 11:10:31 2023
timezone: Hora oficial do Brasil
elapsed time: 58.171963 seconds (0d 0h 0m 58s)

